<?xml version="1.0" encoding="UTF-8"?>
<!-- Generated by org.testng.reporters.JUnitReportReporter -->
<testsuite hostname="MWDH-Work2" failures="0" tests="1" name="ass3W10D1.ChromWebDriverAss2W10D1" time="20.346" errors="0" timestamp="2022-08-19T15:53:44 AST" skipped="0">
  <testcase classname="ass3W10D1.ChromWebDriverAss2W10D1" name="login" time="20.346"/>
  <system-out/>
</testsuite> <!-- ass3W10D1.ChromWebDriverAss2W10D1 -->
